proguard-project.txt
# To enable ProGuard in your project, edit project.properties
# to define the proguard.config property as described in that file.
#
# Add project specific ProGuard rules here.
# By default, the flags in this file are appended to flags specified
# in ${sdk.dir}/tools/proguard/proguard-android.txt
# You can edit the include path and order by changing the ProGuard
# include property in project.properties.
#
# For more details, see
#   http://developer.android.com/guide/developing/tools/proguard.html

# Add any project specific keep options here:

# If your project uses WebView with JS, uncomment the following
# and specify the fully qualified class name to the JavaScript interface
# class:
#-keepclassmembers class fqcn.of.javascript.interface.for.webview {
#   public *;
#}

-ignorewarnings
-libraryjars libs/BmobSDK_V3.4.1_0710.jar
-libraryjars libs/Bmob_Push_V0.6beta_20150408.jar
-libraryjars libs/android-support-v4.jar

-keepattributes Signature
-keep class cn.bmob.v3.** {*;}
-keep class cn.bmob.push.** {*;}


# 保证继承自BmobObject、BmobUser类的JavaBean不被混淆
-keep class com.wcy.onekey.bean.User{*;}
-keep class com.wcy.onekey.bean.Info{*;}
-keep class com.wcy.onekey.bean.CommonInfo{*;}