proguard/seeds.txt
com.wcy.onekey.AddActivity
com.wcy.onekey.AddActivity: AddActivity()
com.wcy.onekey.EditActivity
com.wcy.onekey.EditActivity: EditActivity()
com.wcy.onekey.InfoActivity
com.wcy.onekey.InfoActivity: InfoActivity()
com.wcy.onekey.LoginActivity
com.wcy.onekey.LoginActivity: LoginActivity()
com.wcy.onekey.LoginActivity: void onClick(android.view.View)
com.wcy.onekey.MainActivity
com.wcy.onekey.MainActivity: MainActivity()
com.wcy.onekey.R$drawable: int _baidu
com.wcy.onekey.R$drawable: int _birthday
com.wcy.onekey.R$drawable: int _game
com.wcy.onekey.R$drawable: int _google
com.wcy.onekey.R$drawable: int _phone
com.wcy.onekey.R$drawable: int _phonenumber
com.wcy.onekey.R$drawable: int _photo
com.wcy.onekey.R$drawable: int _riji
com.wcy.onekey.R$drawable: int _schoolcard
com.wcy.onekey.R$drawable: int _studentcard
com.wcy.onekey.R$drawable: int _talk
com.wcy.onekey.R$drawable: int _wifi
com.wcy.onekey.R$drawable: int _yingyong
com.wcy.onekey.R$drawable: int _youxiang
com.wcy.onekey.R$drawable: int add_image
com.wcy.onekey.R$drawable: int app
com.wcy.onekey.R$drawable: int base_horization_line
com.wcy.onekey.R$drawable: int base_horizontal_line
com.wcy.onekey.R$drawable: int bg_logout_normal
com.wcy.onekey.R$drawable: int bg_logout_pressed
com.wcy.onekey.R$drawable: int bg_textfield
com.wcy.onekey.R$drawable: int bk
com.wcy.onekey.R$drawable: int dialog_btn_selector
com.wcy.onekey.R$drawable: int dialog_shape_normal
com.wcy.onekey.R$drawable: int dialog_shape_pressed
com.wcy.onekey.R$drawable: int ic_launcher
com.wcy.onekey.R$drawable: int icon1
com.wcy.onekey.R$drawable: int icon2
com.wcy.onekey.R$drawable: int icon_set_normal
com.wcy.onekey.R$drawable: int loading
com.wcy.onekey.R$drawable: int login_bg
com.wcy.onekey.R$drawable: int login_icon_account
com.wcy.onekey.R$drawable: int login_icon_password
com.wcy.onekey.R$drawable: int login_logo
com.wcy.onekey.R$id: int bt_keyboard
com.wcy.onekey.R$id: int bt_setting_about
com.wcy.onekey.R$id: int bt_setting_commit
com.wcy.onekey.R$id: int bt_setting_exit_login
com.wcy.onekey.R$id: int bt_setting_onekey
com.wcy.onekey.R$id: int bt_welcome_sava
com.wcy.onekey.R$id: int btn_complete_register
com.wcy.onekey.R$id: int btn_login
com.wcy.onekey.R$id: int btn_register
com.wcy.onekey.R$id: int cancel
com.wcy.onekey.R$id: int confirm
com.wcy.onekey.R$id: int et_edit_iconName
com.wcy.onekey.R$id: int et_edit_password
com.wcy.onekey.R$id: int et_edit_username
com.wcy.onekey.R$id: int et_info_iconName
com.wcy.onekey.R$id: int et_info_password
com.wcy.onekey.R$id: int et_info_username
com.wcy.onekey.R$id: int et_login_password
com.wcy.onekey.R$id: int et_login_usernama
com.wcy.onekey.R$id: int et_register_password
com.wcy.onekey.R$id: int et_register_repassword
com.wcy.onekey.R$id: int et_register_username
com.wcy.onekey.R$id: int et_welcome_onekey1
com.wcy.onekey.R$id: int et_welcome_onekey2
com.wcy.onekey.R$id: int et_welcome_onekey3
com.wcy.onekey.R$id: int et_welcome_onekey4
com.wcy.onekey.R$id: int et_welcome_onekey5
com.wcy.onekey.R$id: int et_welcome_onekey6
com.wcy.onekey.R$id: int gv_add_content
com.wcy.onekey.R$id: int gv_keyboard
com.wcy.onekey.R$id: int img_grid_item
com.wcy.onekey.R$id: int iv_add_exit
com.wcy.onekey.R$id: int iv_edit_exit
com.wcy.onekey.R$id: int iv_edit_image
com.wcy.onekey.R$id: int iv_info_exit
com.wcy.onekey.R$id: int iv_info_image
com.wcy.onekey.R$layout: int add_view
com.wcy.onekey.R$layout: int confirm_dialog
com.wcy.onekey.R$layout: int edit_view
com.wcy.onekey.R$layout: int grid_item
com.wcy.onekey.R$layout: int info_view
com.wcy.onekey.R$layout: int item_view
com.wcy.onekey.R$layout: int keyboard_item
com.wcy.onekey.R$layout: int login_view
com.wcy.onekey.R$layout: int main_view
com.wcy.onekey.R$layout: int register_view
com.wcy.onekey.R$layout: int setting_view
com.wcy.onekey.R$layout: int splash_view
com.wcy.onekey.R$layout: int welocme_view
com.wcy.onekey.R$string: int app_name
...
cn.bmob.v3.BmobUser$4
cn.bmob.v3.BmobUser$4: cn.bmob.v3.listener.UpdateListener h
cn.bmob.v3.BmobUser$4: BmobUser$4(cn.bmob.v3.listener.UpdateListener)
cn.bmob.v3.BmobUser$4: void onSuccess(z.madness)
cn.bmob.v3.BmobUser$4: void onFailure(int,java.lang.String)
cn.bmob.v3.BmobUser$4: void onStart()
cn.bmob.v3.BmobUser$4: void onFinish()
cn.bmob.v3.BmobUser$5
cn.bmob.v3.BmobUser$5: cn.bmob.v3.listener.UpdateListener h
cn.bmob.v3.BmobUser$5: BmobUser$5(cn.bmob.v3.listener.UpdateListener)
cn.bmob.v3.BmobUser$5: void onSuccess(z.madness)
cn.bmob.v3.BmobUser$5: void onFailure(int,java.lang.String)
cn.bmob.v3.BmobUser$5: void onStart()
cn.bmob.v3.BmobUser$5: void onFinish()
cn.bmob.v3.BmobUser$BmobThirdUserAuth
cn.bmob.v3.BmobUser$BmobThirdUserAuth: java.lang.String O
cn.bmob.v3.BmobUser$BmobThirdUserAuth: java.lang.String P
cn.bmob.v3.BmobUser$BmobThirdUserAuth: java.lang.String Q
cn.bmob.v3.BmobUser$BmobThirdUserAuth: java.lang.String R
cn.bmob.v3.BmobUser$BmobThirdUserAuth: java.lang.String SNS_TYPE_WEIBO
cn.bmob.v3.BmobUser$BmobThirdUserAuth: java.lang.String SNS_TYPE_QQ
cn.bmob.v3.BmobUser$BmobThirdUserAuth: java.lang.String SNS_TYPE_WEIXIN
cn.bmob.v3.BmobUser$BmobThirdUserAuth: BmobUser$BmobThirdUserAuth(java.lang.String,java.lang.String,java.lang.String,java.lang.String)
cn.bmob.v3.BmobUser$BmobThirdUserAuth: java.lang.String getPlatformIdByType(java.lang.String)
cn.bmob.v3.BmobUser$BmobThirdUserAuth: java.lang.String getAccessToken()
cn.bmob.v3.BmobUser$BmobThirdUserAuth: void setAccessToken(java.lang.String)
cn.bmob.v3.BmobUser$BmobThirdUserAuth: java.lang.String getUserId()
cn.bmob.v3.BmobUser$BmobThirdUserAuth: void setUserId(java.lang.String)
cn.bmob.v3.BmobUser$BmobThirdUserAuth: java.lang.String getExpiresIn()
cn.bmob.v3.BmobUser$BmobThirdUserAuth: void setExpiresIn(java.lang.String)
cn.bmob.v3.BmobUser$BmobThirdUserAuth: java.lang.String getSnsType()
cn.bmob.v3.BmobUser$BmobThirdUserAuth: void setSnsType(java.lang.String)
cn.bmob.v3.BmobUser$BmobThirdUserAuth: org.json.JSONObject toJSONObject()
cn.bmob.v3.Manifest
cn.bmob.v3.Manifest: Manifest()
cn.bmob.v3.Manifest$permission
cn.bmob.v3.Manifest$permission: java.lang.String push
cn.bmob.v3.Manifest$permission: Manifest$permission()
cn.bmob.v3.datatype.BmobDate
cn.bmob.v3.datatype.BmobDate: long serialVersionUID
cn.bmob.v3.datatype.BmobDate: java.lang.String iso
cn.bmob.v3.datatype.BmobDate: java.lang.String __type
cn.bmob.v3.datatype.BmobDate: BmobDate(java.util.Date)
cn.bmob.v3.datatype.BmobDate: java.lang.String getDate()