proguard/mapping.txt
com.wcy.onekey.AddActivity -> com.wcy.onekey.AddActivity:
    android.widget.GridView mGridView -> a
    android.widget.ImageView iv_add_exit -> b
    void onCreate(android.os.Bundle) -> onCreate
    java.util.List initData() -> a
    void initview() -> b
    void onItemClick(android.widget.AdapterView,android.view.View,int,long) -> onItemClick
com.wcy.onekey.AddActivity$1 -> com.wcy.onekey.a:
    com.wcy.onekey.AddActivity this$0 -> a
    void onClick(android.view.View) -> onClick
com.wcy.onekey.EditActivity -> com.wcy.onekey.EditActivity:
    android.widget.ImageView iv_deit_image -> a
    android.widget.ImageView iv_edit_exit -> b
    android.widget.EditText et_edit_imageName -> c
    android.widget.EditText et_edit_username -> d
    android.widget.EditText et_edit_password -> e
    android.widget.TextView tv_edit_savaInfo -> f
    android.graphics.Bitmap bitmap -> g
    void onCreate(android.os.Bundle) -> onCreate
    void savainfoBySQL() -> a
    void InitView() -> b
    byte[] img(android.graphics.Bitmap) -> a
    android.widget.EditText access$0(com.wcy.onekey.EditActivity) -> a
    android.widget.EditText access$1(com.wcy.onekey.EditActivity) -> b
    android.widget.EditText access$2(com.wcy.onekey.EditActivity) -> c
    android.graphics.Bitmap access$3(com.wcy.onekey.EditActivity) -> d
com.wcy.onekey.EditActivity$1 -> com.wcy.onekey.b:
    com.wcy.onekey.EditActivity this$0 -> a
    void onClick(android.view.View) -> onClick
com.wcy.onekey.EditActivity$2 -> com.wcy.onekey.c:
    com.wcy.onekey.EditActivity this$0 -> a
    void onClick(android.view.View) -> onClick
com.wcy.onekey.InfoActivity -> com.wcy.onekey.InfoActivity:
    android.widget.ImageView iv_info_image -> a
    android.widget.ImageView iv_info_exit -> b
    android.widget.EditText et_info_username -> c
    android.widget.EditText et_info_password -> d
    android.widget.EditText et_info_iconName -> e
    android.widget.TextView tv_info_delete -> f
    android.widget.TextView tv_info_updata -> g
    android.graphics.Bitmap bitmap -> h
    java.lang.CharSequence cs3 -> i
    void onCreate(android.os.Bundle) -> onCreate
    void initView() -> a
    java.lang.CharSequence access$0(com.wcy.onekey.InfoActivity) -> a
    android.widget.EditText access$1(com.wcy.onekey.InfoActivity) -> b
    android.widget.EditText access$2(com.wcy.onekey.InfoActivity) -> c
    android.widget.EditText access$3(com.wcy.onekey.InfoActivity) -> d
com.wcy.onekey.InfoActivity$1 -> com.wcy.onekey.d:
    com.wcy.onekey.InfoActivity this$0 -> a
    void onClick(android.view.View) -> onClick
com.wcy.onekey.InfoActivity$2 -> com.wcy.onekey.e:
    com.wcy.onekey.InfoActivity this$0 -> a
    void onClick(android.view.View) -> onClick
com.wcy.onekey.InfoActivity$3 -> com.wcy.onekey.f:
    com.wcy.onekey.InfoActivity this$0 -> a
    void onClick(android.view.View) -> onClick
com.wcy.onekey.LoginActivity -> com.wcy.onekey.LoginActivity:
    android.widget.Button bt_login -> a
    android.widget.Button bt_register -> b
    android.widget.EditText et_password -> c
    android.widget.EditText et_username -> d
    android.widget.ImageView iv_login_exit -> e
    void onDestroy() -> onDestroy
    void onCreate(android.os.Bundle) -> onCreate
    void initview() -> a
    void onClick(android.view.View) -> onClick
    void login() -> b
com.wcy.onekey.LoginActivity$1 -> com.wcy.onekey.g:
    com.wcy.onekey.LoginActivity this$0 -> a
    void onClick(android.view.View) -> onClick
com.wcy.onekey.LoginActivity$2 -> com.wcy.onekey.h:
    com.wcy.onekey.LoginActivity this$0 -> a
    android.app.ProgressDialog val$progress -> b
    void onSuccess() -> onSuccess
    void onFailure(int,java.lang.String) -> onFailure
...
C.we -> c.ba:
    java.lang.Object Code(E.This) -> a
    void Code(E.darkness,java.lang.Object) -> a
C.which -> c.bb:
    int[] pd -> a
    java.util.BitSet D(E.This) -> b
    java.lang.Object Code(E.This) -> a
    void Code(E.darkness,java.lang.Object) -> a
    int[] cW() -> a
C.word -> c.bc:
    java.lang.Object Code(E.This) -> a
    void Code(E.darkness,java.lang.Object) -> a
C.would -> c.bd:
    java.lang.Object Code(E.This) -> a
    void Code(E.darkness,java.lang.Object) -> a
C.yet -> c.be:
    z.That Code(z.Tempest,D.This) -> a
D.This -> d.a:
    java.lang.Class qo -> a
    java.lang.reflect.Type type -> b
    int hashCode -> c
    java.lang.Class getRawType() -> a
    java.lang.reflect.Type cX() -> b
    int hashCode() -> hashCode
    boolean equals(java.lang.Object) -> equals
    java.lang.String toString() -> toString
    D.This S(java.lang.reflect.Type) -> a
    D.This C(java.lang.Class) -> a
E.I -> e.a:
E.This -> e.b:
    char[] qp -> a
    java.io.Reader in -> b
    boolean qq -> c
    char[] qr -> d
    int pos -> e
    int limit -> f
    int lineNumber -> g
    int qs -> h
    int qt -> i
    long qu -> j
    int qv -> k
    java.lang.String qw -> l
    int[] stack -> m
    int qx -> n
    void setLenient(boolean) -> a
    boolean isLenient() -> p
    void beginArray() -> a
    void endArray() -> b
    void beginObject() -> c
    void endObject() -> d
    boolean hasNext() -> e
    E.of cL() -> f
    int cY() -> o
    int cZ() -> q
    int da() -> r
    boolean Code(char) -> a
    java.lang.String nextName() -> g
    java.lang.String nextString() -> h
    boolean nextBoolean() -> i
    void nextNull() -> j
    double nextDouble() -> k
    long nextLong() -> l
    java.lang.String V(char) -> b
    java.lang.String db() -> s
    void I(char) -> c
    int nextInt() -> m
    void close() -> close
    void skipValue() -> n
    void push(int) -> a
    boolean p(int) -> b
    int getColumnNumber() -> t
    int a(boolean) -> b
    void dc() -> u
    void dd() -> v
    java.lang.String toString() -> toString
    char de() -> w
    java.io.IOException ar(java.lang.String) -> a
    int b(E.This) -> a
    int c(E.This) -> b
    void Code(E.This,int) -> a
    int d(E.This) -> c
    int e(E.This) -> d
E.darkness -> e.c:
    java.lang.String[] qJ -> a
    java.lang.String[] qK -> b
    java.io.Writer out -> c
    int[] stack -> d
    int qx -> e
    java.lang.String qL -> f
    java.lang.String separator -> g
    boolean qq -> h
    boolean nu -> i
    java.lang.String qM -> j
    boolean nt -> k
    void setIndent(java.lang.String) -> c
    void setLenient(boolean) -> b
    boolean isLenient() -> g
    void b(boolean) -> c
    boolean dg() -> h
    void c(boolean) -> d
    boolean dh() -> i
    E.darkness cR() -> b
    E.darkness cS() -> c
    E.darkness cT() -> d
    E.darkness cU() -> e
    E.darkness V(int,java.lang.String) -> a
    E.darkness Code(int,int,java.lang.String) -> a
    void push(int) -> a
    int peek() -> a
    void q(int) -> b
    E.darkness ap(java.lang.String) -> a
    void di() -> j
    E.darkness aq(java.lang.String) -> b
    E.darkness cV() -> f
    E.darkness L(boolean) -> a
    E.darkness D(long) -> a
    E.darkness Code(java.lang.Number) -> a
    void flush() -> flush
    void close() -> close
    void as(java.lang.String) -> d
    void dj() -> k
    void d(boolean) -> e
E.of -> e.d:
    E.of qy -> a
    E.of qz -> b
    E.of qA -> c
    E.of qB -> d
    E.of qC -> e
    E.of qD -> f
    E.of qE -> g
    E.of qF -> h
    E.of qG -> i
    E.of qH -> j
    E.of[] qI -> k
    E.of[] df() -> a
E.thing -> e.e:
    void I(E.This) -> a
F.I -> f.a:
    boolean connected -> a
    boolean qQ -> b
    F.thing qR -> c
    F.This qS -> f
    java.lang.String qT -> d
    void Code(java.lang.String,org.json.JSONArray) -> a
    void Code(H.This$This,F.thing,android.os.Handler) -> a
    boolean isConnected() -> a
    void Code(java.lang.String,F.thing) -> a