proguard/usage.txt
com.wcy.onekey.BuildConfig
com.wcy.onekey.R
com.wcy.onekey.R$attr
com.wcy.onekey.R$drawable
com.wcy.onekey.R$id
com.wcy.onekey.R$layout
com.wcy.onekey.R$string
com.wcy.onekey.R$style
com.wcy.onekey.SplashActivity:
    private static final int GO_HOME
    private static final int GO_WELCOME
com.wcy.onekey.constant.MyConstants
com.wcy.onekey.db.InfoSQLiteOpenHelper:
    com.wcy.onekey.db.InfoSQLiteOpenHelper helper
com.wcy.onekey.db.Infodao:
    50:56:public boolean find(java.lang.String)
com.wcy.onekey.ui.ConfirmDialog:
    40:45:public ConfirmDialog(android.content.Context,java.lang.String,java.lang.String)
com.wcy.onekey.util.MyUtil:
    public static final java.lang.String TAG
    15:15:public MyUtil()
    57:59:public static void startActivity(android.app.Activity,java.lang.Class)
...
android.support.v4.view.AccessibilityDelegateCompat:
    310:312:public AccessibilityDelegateCompat()
    336:337:public void sendAccessibilityEvent(android.view.View,int)
    358:359:public void sendAccessibilityEventUnchecked(android.view.View,android.view.accessibility.AccessibilityEvent)
    379:379:public boolean dispatchPopulateAccessibilityEvent(android.view.View,android.view.accessibility.AccessibilityEvent)
    399:400:public void onPopulateAccessibilityEvent(android.view.View,android.view.accessibility.AccessibilityEvent)
    419:420:public void onInitializeAccessibilityEvent(android.view.View,android.view.accessibility.AccessibilityEvent)
    438:439:public void onInitializeAccessibilityNodeInfo(android.view.View,android.support.v4.view.accessibility.AccessibilityNodeInfoCompat)
    462:462:public boolean onRequestSendAccessibilityEvent(android.view.ViewGroup,android.view.View,android.view.accessibility.AccessibilityEvent)
    480:480:public android.support.v4.view.accessibility.AccessibilityNodeProviderCompat getAccessibilityNodeProvider(android.view.View)
    500:500:public boolean performAccessibilityAction(android.view.View,int,android.os.Bundle)
android.support.v4.view.AccessibilityDelegateCompat$AccessibilityDelegateIcsImpl:
    127:127:public java.lang.Object newAccessiblityDelegateBridge(android.support.v4.view.AccessibilityDelegateCompat)
    172:172:public boolean dispatchPopulateAccessibilityEvent(java.lang.Object,android.view.View,android.view.accessibility.AccessibilityEvent)
    179:180:public void onInitializeAccessibilityEvent(java.lang.Object,android.view.View,android.view.accessibility.AccessibilityEvent)
    185:187:public void onInitializeAccessibilityNodeInfo(java.lang.Object,android.view.View,android.support.v4.view.accessibility.AccessibilityNodeInfoCompat)
    192:193:public void onPopulateAccessibilityEvent(java.lang.Object,android.view.View,android.view.accessibility.AccessibilityEvent)
    198:198:public boolean onRequestSendAccessibilityEvent(java.lang.Object,android.view.ViewGroup,android.view.View,android.view.accessibility.AccessibilityEvent)
    204:205:public void sendAccessibilityEvent(java.lang.Object,android.view.View,int)
    210:211:public void sendAccessibilityEventUnchecked(java.lang.Object,android.view.View,android.view.accessibility.AccessibilityEvent)
android.support.v4.view.AccessibilityDelegateCompat$AccessibilityDelegateIcsImpl$1
android.support.v4.view.AccessibilityDelegateCompat$AccessibilityDelegateImpl:
    public abstract java.lang.Object newAccessiblityDelegateBridge(android.support.v4.view.AccessibilityDelegateCompat)
    public abstract boolean dispatchPopulateAccessibilityEvent(java.lang.Object,android.view.View,android.view.accessibility.AccessibilityEvent)
    public abstract void onInitializeAccessibilityEvent(java.lang.Object,android.view.View,android.view.accessibility.AccessibilityEvent)
    public abstract void onInitializeAccessibilityNodeInfo(java.lang.Object,android.view.View,android.support.v4.view.accessibility.AccessibilityNodeInfoCompat)
    public abstract void onPopulateAccessibilityEvent(java.lang.Object,android.view.View,android.view.accessibility.AccessibilityEvent)
    public abstract boolean onRequestSendAccessibilityEvent(java.lang.Object,android.view.ViewGroup,android.view.View,android.view.accessibility.AccessibilityEvent)
    public abstract void sendAccessibilityEvent(java.lang.Object,android.view.View,int)
    public abstract void sendAccessibilityEventUnchecked(java.lang.Object,android.view.View,android.view.accessibility.AccessibilityEvent)
    public abstract android.support.v4.view.accessibility.AccessibilityNodeProviderCompat getAccessibilityNodeProvider(java.lang.Object,android.view.View)
    public abstract boolean performAccessibilityAction(java.lang.Object,android.view.View,int,android.os.Bundle)